<?xml version="1.0" encoding="UTF-8"?>
<!-- Generated by org.testng.reporters.JUnitReportReporter -->
<testsuite hostname="DESKTOP-9IU3UMK" failures="0" tests="1" name="eCom.qa.testcases.Search" time="6.080" errors="0" timestamp="2024-07-27T20:06:03 IST" skipped="0">
  <testcase classname="eCom.qa.testcases.Search" name="VerifySearchValidProduct" time="6.080"/>
</testsuite> <!-- eCom.qa.testcases.Search -->
