<?xml version="1.0" encoding="UTF-8"?>
<!-- Generated by org.testng.reporters.JUnitReportReporter -->
<testsuite hostname="DESKTOP-9IU3UMK" failures="0" tests="1" name="eCom.qa.testcases.Login" time="6.931" errors="0" timestamp="2024-07-27T20:06:03 IST" skipped="0">
  <testcase classname="eCom.qa.testcases.Login" name="verifyLoginWithValidCreds" time="6.931"/>
</testsuite> <!-- eCom.qa.testcases.Login -->
